SF:lib/core/network/network_info.dart
DA:10,1
DA:12,1
DA:13,2
LF:3
LH:3
end_of_record
SF:lib/core/error/failures.dart
DA:4,5
DA:5,5
LF:2
LH:2
end_of_record
SF:lib/features/anime_list/data/models/anime_detail_model.dart
DA:17,8
DA:30,2
DA:31,2
DA:32,2
DA:33,6
DA:34,2
DA:35,2
DA:36,2
DA:37,10
DA:38,4
DA:39,2
DA:40,2
DA:41,2
DA:45,1
DA:46,1
DA:47,1
DA:48,1
DA:49,1
DA:50,1
DA:51,1
DA:52,5
DA:53,1
DA:54,1
DA:55,1
DA:56,3
LF:25
LH:25
end_of_record
SF:lib/features/anime_list/data/models/anime_model.dart
DA:10,8
DA:17,2
DA:18,2
DA:19,2
DA:20,2
DA:21,6
DA:22,4
DA:26,1
DA:27,1
DA:28,1
DA:29,1
DA:30,1
DA:31,1
DA:35,1
DA:36,5
LF:15
LH:15
end_of_record
SF:lib/features/anime_list/data/repositories/anime_repo_impl.dart
DA:13,1
DA:18,1
DA:20,2
DA:22,2
DA:23,1
DA:26,2
DA:29,0
DA:32,2
DA:36,1
DA:38,2
DA:40,2
DA:41,1
DA:42,1
DA:45,2
DA:46,1
DA:47,1
DA:48,2
DA:52,1
DA:54,2
DA:57,2
DA:60,2
LF:21
LH:20
end_of_record
SF:lib/features/anime_list/data/models/character_model.dart
DA:8,3
DA:13,1
DA:14,1
DA:15,2
DA:16,4
DA:20,1
DA:21,1
DA:22,1
DA:23,1
LF:9
LH:9
end_of_record
SF:lib/components/anime_detail_view.dart
DA:10,2
DA:12,1
DA:14,6
DA:16,1
DA:17,1
DA:18,1
DA:20,1
DA:21,1
DA:22,5
DA:24,1
DA:25,1
DA:26,2
DA:27,1
DA:29,1
DA:30,1
DA:31,1
DA:32,1
DA:33,1
DA:34,1
DA:35,3
DA:36,1
DA:40,1
DA:41,4
DA:42,1
DA:43,1
DA:45,2
DA:46,1
DA:47,1
DA:49,1
DA:50,1
DA:52,1
DA:54,1
DA:55,3
DA:56,1
DA:57,1
DA:59,1
DA:61,1
DA:62,3
DA:68,1
DA:69,1
DA:71,1
DA:72,1
DA:73,0
DA:74,0
DA:75,0
DA:76,0
DA:77,0
LF:47
LH:42
end_of_record
SF:lib/helpers/test_helper.dart
DA:3,6
LF:1
LH:1
end_of_record
SF:lib/components/anime_image.dart
DA:9,2
DA:11,1
DA:13,1
DA:16,1
DA:17,2
DA:18,1
DA:19,1
DA:20,2
DA:21,0
LF:9
LH:8
end_of_record
SF:lib/components/error_message.dart
DA:6,4
DA:8,2
DA:10,2
DA:11,2
DA:12,2
DA:13,2
LF:6
LH:6
end_of_record
SF:lib/components/loading_indicator.dart
DA:4,2
DA:6,4
LF:2
LH:2
end_of_record
SF:lib/features/anime_list/domain/entities/anime_detail.dart
DA:17,1
LF:1
LH:1
end_of_record
SF:lib/features/anime_list/data/models/genre_model.dart
DA:8,4
DA:13,3
DA:14,3
DA:15,3
DA:16,3
DA:21,2
DA:22,2
DA:23,2
DA:24,2
LF:9
LH:9
end_of_record
SF:lib/features/anime_list/domain/entities/anime.dart
DA:10,1
DA:17,0
DA:18,0
LF:3
LH:1
end_of_record
SF:lib/features/anime_list/domain/entities/character.dart
DA:8,2
DA:13,1
DA:14,3
LF:3
LH:3
end_of_record
SF:lib/features/anime_list/domain/entities/genre.dart
DA:8,3
DA:13,1
DA:14,3
LF:3
LH:3
end_of_record
SF:lib/features/anime_list/domain/usecases/get_anime_detail_use_case.dart
DA:11,1
DA:13,1
DA:15,3
DA:22,2
LF:4
LH:4
end_of_record
SF:lib/features/anime_list/presantation/bloc/anime_detail/anime_detail_bloc.dart
DA:11,3
DA:12,2
DA:15,1
DA:17,3
DA:18,2
DA:20,4
DA:22,1
DA:23,1
DA:24,1
DA:25,3
DA:27,1
DA:28,1
DA:29,2
DA:34,1
DA:35,1
DA:37,1
LF:16
LH:16
end_of_record
SF:lib/features/anime_list/presantation/bloc/anime_detail/anime_detail_event.dart
DA:4,2
DA:6,0
DA:7,0
DA:13,2
DA:15,0
DA:16,0
LF:6
LH:2
end_of_record
SF:lib/features/anime_list/presantation/bloc/anime_detail/anime_detail_state.dart
DA:6,2
DA:8,1
DA:9,1
DA:19,2
DA:21,1
DA:22,2
DA:28,2
DA:30,1
DA:31,2
LF:9
LH:9
end_of_record
SF:lib/features/anime_list/presantation/pages/anime_detail_page.dart
DA:17,1
DA:18,1
DA:20,1
DA:21,2
DA:22,1
DA:23,2
DA:24,3
DA:25,1
DA:26,1
DA:27,1
DA:28,1
DA:29,1
DA:30,2
DA:31,1
DA:32,2
DA:34,0
LF:16
LH:15
end_of_record
SF:lib/features/anime_list/domain/usecases/get_top_anime.dart
DA:11,1
DA:13,1
DA:14,4
DA:22,2
LF:4
LH:4
end_of_record
SF:lib/features/anime_list/presantation/bloc/anime_list/anime_list_bloc.dart
DA:18,3
DA:19,2
DA:20,2
DA:23,1
DA:24,2
DA:25,4
DA:26,1
DA:27,3
DA:30,1
DA:31,1
DA:32,1
DA:33,2
DA:34,5
DA:35,3
DA:36,1
DA:39,1
DA:44,1
DA:45,3
DA:46,1
DA:47,2
DA:48,4
DA:49,3
DA:51,3
DA:58,1
DA:59,1
DA:60,1
DA:62,1
LF:27
LH:27
end_of_record
SF:lib/features/anime_list/presantation/bloc/anime_list/anime_list_event.dart
DA:4,2
DA:6,0
DA:7,0
DA:13,2
DA:15,0
DA:16,0
DA:22,1
DA:24,0
DA:25,0
LF:9
LH:3
end_of_record
SF:lib/features/anime_list/presantation/bloc/anime_list/anime_list_state.dart
DA:5,3
DA:7,1
DA:8,1
DA:19,2
DA:24,1
DA:25,3
DA:31,2
DA:33,1
DA:34,2
LF:9
LH:9
end_of_record
SF:lib/features/anime_list/presantation/pages/anime_list_page.dart
DA:12,1
DA:13,1
DA:20,1
DA:22,1
DA:23,3
DA:24,1
DA:27,1
DA:29,3
DA:30,2
DA:31,1
DA:34,1
DA:35,5
DA:38,0
DA:39,0
DA:40,0
DA:44,0
DA:45,0
DA:46,0
DA:47,0
DA:48,0
DA:51,1
DA:53,1
DA:54,1
DA:55,1
DA:56,1
DA:57,2
DA:58,1
DA:59,1
DA:60,1
DA:61,1
DA:62,4
DA:63,1
DA:64,3
DA:65,0
DA:67,3
DA:70,1
DA:71,2
DA:73,0
DA:79,1
DA:80,1
DA:81,1
DA:83,1
DA:89,1
DA:90,1
DA:91,1
DA:92,1
DA:101,0
DA:102,0
DA:103,0
DA:105,0
LF:50
LH:36
end_of_record
SF:lib/components/anime_list_card.dart
DA:10,2
DA:12,1
DA:14,1
DA:16,1
DA:17,1
DA:18,1
DA:20,1
DA:21,0
DA:23,0
DA:24,0
DA:27,1
DA:29,1
DA:30,1
DA:31,1
DA:32,1
DA:33,1
DA:34,1
DA:36,1
DA:37,1
DA:38,1
DA:39,1
DA:50,1
DA:51,1
DA:54,1
DA:55,3
DA:56,1
DA:57,1
DA:58,2
DA:59,0
DA:69,1
DA:70,1
DA:71,2
DA:72,1
DA:80,1
DA:81,1
DA:82,1
DA:83,1
DA:84,1
DA:85,1
DA:86,3
DA:87,1
DA:89,1
LF:42
LH:38
end_of_record
SF:lib/components/bottom_loader.dart
DA:4,0
DA:6,0
DA:8,0
DA:9,0
LF:4
LH:0
end_of_record
